# JRE version: Java(TM) SE Runtime Environment (8.0_51-b16) (build 1.8.0_51-b16)
# Java VM: Java HotSpot(TM) 64-Bit Server VM (25.51-b03 mixed mode windows-amd64 compressed oops)
Heap:
 garbage-first heap   total 5111808K, used 786432K [0x0000000560000000, 0x00000005620004e0, 0x00000007c0000000)
  region size 32768K, 4 young (131072K), 1 survivors (32768K)
 Metaspace       used 80036K, capacity 81653K, committed 82176K, reserved 1118208K
  class space    used 12699K, capacity 13297K, committed 13312K, reserved 1048576K
GC Heap History (10 events):
Event: 57.001 GC heap before
{Heap before GC invocations=114 (full 0):
 garbage-first heap   total 5111808K, used 496856K [0x0000000560000000, 0x00000005620004e0, 0x00000007c0000000)
  region size 32768K, 4 young (131072K), 1 survivors (32768K)
 Metaspace       used 79295K, capacity 80857K, committed 81408K, reserved 1118208K
  class space    used 12627K, capacity 13229K, committed 13312K, reserved 1048576K
Event: 57.036 GC heap after
Heap after GC invocations=115 (full 0):
 garbage-first heap   total 5111808K, used 412667K [0x0000000560000000, 0x00000005620004e0, 0x00000007c0000000)
  region size 32768K, 1 young (32768K), 1 survivors (32768K)
 Metaspace       used 79295K, capacity 80857K, committed 81408K, reserved 1118208K
  class space    used 12627K, capacity 13229K, committed 13312K, reserved 1048576K
}
Event: 58.177 GC heap before
{Heap before GC invocations=115 (full 0):
 garbage-first heap   total 5111808K, used 510971K [0x0000000560000000, 0x00000005620004e0, 0x00000007c0000000)
  region size 32768K, 4 young (131072K), 1 survivors (32768K)
 Metaspace       used 79314K, capacity 80857K, committed 81408K, reserved 1118208K
  class space    used 12628K, capacity 13229K, committed 13312K, reserved 1048576K
Event: 58.206 GC heap after
Heap after GC invocations=116 (full 0):
 garbage-first heap   total 5111808K, used 413829K [0x0000000560000000, 0x00000005620004e0, 0x00000007c0000000)
  region size 32768K, 1 young (32768K), 1 survivors (32768K)
 Metaspace       used 79314K, capacity 80857K, committed 81408K, reserved 1118208K
  class space    used 12628K, capacity 13229K, committed 13312K, reserved 1048576K
}
Event: 58.639 GC heap before
{Heap before GC invocations=116 (full 0):
 garbage-first heap   total 5111808K, used 512133K [0x0000000560000000, 0x00000005620004e0, 0x00000007c0000000)
  region size 32768K, 4 young (131072K), 1 survivors (32768K)
 Metaspace       used 79314K, capacity 80857K, committed 81408K, reserved 1118208K
  class space    used 12628K, capacity 13229K, committed 13312K, reserved 1048576K
Event: 58.687 GC heap after
Heap after GC invocations=117 (full 0):
 garbage-first heap   total 5111808K, used 467734K [0x0000000560000000, 0x00000005620004e0, 0x00000007c0000000)
  region size 32768K, 1 young (32768K), 1 survivors (32768K)
 Metaspace       used 79314K, capacity 80857K, committed 81408K, reserved 1118208K
  class space    used 12628K, capacity 13229K, committed 13312K, reserved 1048576K
}
Event: 58.848 GC heap before
{Heap before GC invocations=117 (full 0):
 garbage-first heap   total 5111808K, used 566038K [0x0000000560000000, 0x00000005620004e0, 0x00000007c0000000)
  region size 32768K, 4 young (131072K), 1 survivors (32768K)
 Metaspace       used 79314K, capacity 80857K, committed 81408K, reserved 1118208K
  class space    used 12628K, capacity 13229K, committed 13312K, reserved 1048576K
Event: 58.907 GC heap after
Heap after GC invocations=118 (full 0):
 garbage-first heap   total 5111808K, used 602934K [0x0000000560000000, 0x00000005620004e0, 0x00000007c0000000)
  region size 32768K, 1 young (32768K), 1 survivors (32768K)
 Metaspace       used 79314K, capacity 80857K, committed 81408K, reserved 1118208K
  class space    used 12628K, capacity 13229K, committed 13312K, reserved 1048576K
}
Event: 59.247 GC heap before
{Heap before GC invocations=118 (full 0):
 garbage-first heap   total 5111808K, used 734006K [0x0000000560000000, 0x00000005620004e0, 0x00000007c0000000)
  region size 32768K, 4 young (131072K), 1 survivors (32768K)
 Metaspace       used 79345K, capacity 80857K, committed 81408K, reserved 1118208K
  class space    used 12630K, capacity 13229K, committed 13312K, reserved 1048576K
Event: 59.333 GC heap after
Heap after GC invocations=119 (full 0):
 garbage-first heap   total 5111808K, used 720896K [0x0000000560000000, 0x00000005620004e0, 0x00000007c0000000)
  region size 32768K, 1 young (32768K), 1 survivors (32768K)
 Metaspace       used 79345K, capacity 80857K, committed 81408K, reserved 1118208K
  class space    used 12630K, capacity 13229K, committed 13312K, reserved 1048576K
}

