# JRE version: Java(TM) SE Runtime Environment (8.0_51-b16) (build 1.8.0_51-b16)
# Java VM: Java HotSpot(TM) 64-Bit Server VM (25.51-b03 mixed mode windows-amd64 compressed oops)
Heap:
 garbage-first heap   total 5210112K, used 1618148K [0x0000000682000000, 0x00000006840004f8, 0x00000007c0000000)
  region size 32768K, 4 young (131072K), 1 survivors (32768K)
 Metaspace       used 127388K, capacity 132179K, committed 132736K, reserved 1163264K
  class space    used 17603K, capacity 18655K, committed 18816K, reserved 1048576K
GC Heap History (10 events):
Event: 4451.287 GC heap before
{Heap before GC invocations=6838 (full 10):
 garbage-first heap   total 5210112K, used 1648030K [0x0000000682000000, 0x00000006840004f8, 0x00000007c0000000)
  region size 32768K, 4 young (131072K), 1 survivors (32768K)
 Metaspace       used 127377K, capacity 132173K, committed 132736K, reserved 1163264K
  class space    used 17601K, capacity 18654K, committed 18816K, reserved 1048576K
Event: 4451.294 GC heap after
Heap after GC invocations=6839 (full 10):
 garbage-first heap   total 5210112K, used 1547342K [0x0000000682000000, 0x00000006840004f8, 0x00000007c0000000)
  region size 32768K, 1 young (32768K), 1 survivors (32768K)
 Metaspace       used 127377K, capacity 132173K, committed 132736K, reserved 1163264K
  class space    used 17601K, capacity 18654K, committed 18816K, reserved 1048576K
}
Event: 4451.535 GC heap before
{Heap before GC invocations=6839 (full 10):
 garbage-first heap   total 5210112K, used 1645646K [0x0000000682000000, 0x00000006840004f8, 0x00000007c0000000)
  region size 32768K, 4 young (131072K), 1 survivors (32768K)
 Metaspace       used 127377K, capacity 132173K, committed 132736K, reserved 1163264K
  class space    used 17601K, capacity 18654K, committed 18816K, reserved 1048576K
Event: 4451.562 GC heap after
Heap after GC invocations=6840 (full 10):
 garbage-first heap   total 5210112K, used 1549182K [0x0000000682000000, 0x00000006840004f8, 0x00000007c0000000)
  region size 32768K, 1 young (32768K), 1 survivors (32768K)
 Metaspace       used 127377K, capacity 132173K, committed 132736K, reserved 1163264K
  class space    used 17601K, capacity 18654K, committed 18816K, reserved 1048576K
}
Event: 4451.792 GC heap before
{Heap before GC invocations=6840 (full 10):
 garbage-first heap   total 5210112K, used 1647486K [0x0000000682000000, 0x00000006840004f8, 0x00000007c0000000)
  region size 32768K, 4 young (131072K), 1 survivors (32768K)
 Metaspace       used 127377K, capacity 132173K, committed 132736K, reserved 1163264K
  class space    used 17601K, capacity 18654K, committed 18816K, reserved 1048576K
Event: 4451.800 GC heap after
Heap after GC invocations=6841 (full 10):
 garbage-first heap   total 5210112K, used 1548535K [0x0000000682000000, 0x00000006840004f8, 0x00000007c0000000)
  region size 32768K, 1 young (32768K), 1 survivors (32768K)
 Metaspace       used 127377K, capacity 132173K, committed 132736K, reserved 1163264K
  class space    used 17601K, capacity 18654K, committed 18816K, reserved 1048576K
}
Event: 4452.069 GC heap before
{Heap before GC invocations=6841 (full 10):
 garbage-first heap   total 5210112K, used 1646839K [0x0000000682000000, 0x00000006840004f8, 0x00000007c0000000)
  region size 32768K, 4 young (131072K), 1 survivors (32768K)
 Metaspace       used 127388K, capacity 132179K, committed 132736K, reserved 1163264K
  class space    used 17603K, capacity 18655K, committed 18816K, reserved 1048576K
Event: 4452.100 GC heap after
Heap after GC invocations=6842 (full 10):
 garbage-first heap   total 5210112K, used 1552402K [0x0000000682000000, 0x00000006840004f8, 0x00000007c0000000)
  region size 32768K, 1 young (32768K), 1 survivors (32768K)
 Metaspace       used 127388K, capacity 132179K, committed 132736K, reserved 1163264K
  class space    used 17603K, capacity 18655K, committed 18816K, reserved 1048576K
}
Event: 4452.177 GC heap before
{Heap before GC invocations=6842 (full 10):
 garbage-first heap   total 5210112K, used 1650706K [0x0000000682000000, 0x00000006840004f8, 0x00000007c0000000)
  region size 32768K, 4 young (131072K), 1 survivors (32768K)
 Metaspace       used 127388K, capacity 132179K, committed 132736K, reserved 1163264K
  class space    used 17603K, capacity 18655K, committed 18816K, reserved 1048576K
Event: 4452.183 GC heap after
Heap after GC invocations=6843 (full 10):
 garbage-first heap   total 5210112K, used 1551667K [0x0000000682000000, 0x00000006840004f8, 0x00000007c0000000)
  region size 32768K, 1 young (32768K), 1 survivors (32768K)
 Metaspace       used 127388K, capacity 132179K, committed 132736K, reserved 1163264K
  class space    used 17603K, capacity 18655K, committed 18816K, reserved 1048576K
}

